[I 2021-12-16 12:05:06.895 ServerApp] jupyterlab | extension was successfully linked.
[I 2021-12-16 12:05:07.193 ServerApp] jupyter_nbextensions_configurator | extension was found and enabled by nbclassic. Consider moving the extension to Jupyter Server's extension paths.
[I 2021-12-16 12:05:07.193 ServerApp] jupyter_nbextensions_configurator | extension was successfully linked.
[I 2021-12-16 12:05:07.208 ServerApp] ipyparallel.nbextension | extension was found and enabled by nbclassic. Consider moving the extension to Jupyter Server's extension paths.
[I 2021-12-16 12:05:07.209 ServerApp] ipyparallel.nbextension | extension was successfully linked.
[I 2021-12-16 12:05:07.209 ServerApp] nbclassic | extension was successfully linked.
[I 2021-12-16 12:05:07.247 ServerApp] nbclassic | extension was successfully loaded.
[I 2021-12-16 12:05:07.247 ServerApp] Loading IPython parallel extension
[I 2021-12-16 12:05:07.248 ServerApp] ipyparallel.nbextension | extension was successfully loaded.
[I 2021-12-16 12:05:07.248 ServerApp] [jupyter_nbextensions_configurator] enabled 0.4.1
[I 2021-12-16 12:05:07.248 ServerApp] jupyter_nbextensions_configurator | extension was successfully loaded.
[I 2021-12-16 12:05:07.249 LabApp] JupyterLab extension loaded from /home/idnm/.local/lib/python3.8/site-packages/jupyterlab
[I 2021-12-16 12:05:07.249 LabApp] JupyterLab application directory is /home/idnm/.local/share/jupyter/lab
[I 2021-12-16 12:05:07.253 ServerApp] jupyterlab | extension was successfully loaded.
[I 2021-12-16 12:05:07.253 ServerApp] Serving notebooks from local directory: /home/idnm/Programming projects/jax_circuits
[I 2021-12-16 12:05:07.253 ServerApp] Jupyter Server 1.8.0 is running at:
[I 2021-12-16 12:05:07.254 ServerApp] http://localhost:8888/lab?token=eeeb913e6bb5f0ec31f0c011720dc8878bcc743aaa027a63
[I 2021-12-16 12:05:07.254 ServerApp]     http://127.0.0.1:8888/lab?token=eeeb913e6bb5f0ec31f0c011720dc8878bcc743aaa027a63
[I 2021-12-16 12:05:07.254 ServerApp] Use Control-C to stop this server and shut down all kernels (twice to skip confirmation).
[C 2021-12-16 12:05:07.308 ServerApp] 
    
    To access the server, open this file in a browser:
        file:///home/idnm/.local/share/jupyter/runtime/jpserver-36476-open.html
    Or copy and paste one of these URLs:
        http://localhost:8888/lab?token=eeeb913e6bb5f0ec31f0c011720dc8878bcc743aaa027a63
        http://127.0.0.1:8888/lab?token=eeeb913e6bb5f0ec31f0c011720dc8878bcc743aaa027a63
[W 2021-12-16 12:05:13.089 ServerApp] 404 GET /spellchecker/language_manager?1639645512248 (127.0.0.1) 227.97ms referer=http://localhost:8888/lab
[W 2021-12-16 12:05:13.646 ServerApp] Config option `template_path` not recognized by `ExporterCollapsibleHeadings`.  Did you mean one of: `extra_template_paths, template_name, template_paths`?
[W 2021-12-16 12:05:13.648 ServerApp] Config option `template_path` not recognized by `ExporterCollapsibleHeadings`.  Did you mean one of: `extra_template_paths, template_name, template_paths`?
[W 2021-12-16 12:05:13.671 ServerApp] Config option `template_path` not recognized by `ExporterCollapsibleHeadings`.  Did you mean one of: `extra_template_paths, template_name, template_paths`?
[W 2021-12-16 12:05:13.683 ServerApp] Config option `template_path` not recognized by `ExporterCollapsibleHeadings`.  Did you mean one of: `extra_template_paths, template_name, template_paths`?
[W 2021-12-16 12:05:13.819 ServerApp] Config option `template_path` not recognized by `TocExporter`.  Did you mean one of: `extra_template_paths, template_name, template_paths`?
[W 2021-12-16 12:05:13.830 ServerApp] Config option `template_path` not recognized by `TocExporter`.  Did you mean one of: `extra_template_paths, template_name, template_paths`?
[I 2021-12-16 12:05:13.854 LabApp] Build is up to date
[W 2021-12-16 12:05:13.877 ServerApp] Config option `template_path` not recognized by `TocExporter`.  Did you mean one of: `extra_template_paths, template_name, template_paths`?
[W 2021-12-16 12:05:13.889 ServerApp] Config option `template_path` not recognized by `TocExporter`.  Did you mean one of: `extra_template_paths, template_name, template_paths`?
[W 2021-12-16 12:05:13.908 ServerApp] Config option `template_path` not recognized by `LenvsHTMLExporter`.  Did you mean one of: `extra_template_paths, template_name, template_paths`?
[W 2021-12-16 12:05:13.915 ServerApp] Config option `template_path` not recognized by `LenvsHTMLExporter`.  Did you mean one of: `extra_template_paths, template_name, template_paths`?
[W 2021-12-16 12:05:13.943 ServerApp] Config option `template_path` not recognized by `LenvsHTMLExporter`.  Did you mean one of: `extra_template_paths, template_name, template_paths`?
[W 2021-12-16 12:05:13.950 ServerApp] Config option `template_path` not recognized by `LenvsHTMLExporter`.  Did you mean one of: `extra_template_paths, template_name, template_paths`?
[W 2021-12-16 12:05:13.985 ServerApp] Config option `template_path` not recognized by `LenvsTocHTMLExporter`.  Did you mean one of: `extra_template_paths, template_name, template_paths`?
[W 2021-12-16 12:05:14.001 ServerApp] Config option `template_path` not recognized by `LenvsTocHTMLExporter`.  Did you mean one of: `extra_template_paths, template_name, template_paths`?
[W 2021-12-16 12:05:14.005 ServerApp] Config option `template_path` not recognized by `LenvsTocHTMLExporter`.  Did you mean one of: `extra_template_paths, template_name, template_paths`?
[W 2021-12-16 12:05:14.038 ServerApp] Config option `template_path` not recognized by `LenvsTocHTMLExporter`.  Did you mean one of: `extra_template_paths, template_name, template_paths`?
[W 2021-12-16 12:05:14.118 ServerApp] Config option `template_path` not recognized by `LenvsLatexExporter`.  Did you mean one of: `extra_template_paths, template_name, template_paths`?
[W 2021-12-16 12:05:14.126 ServerApp] Config option `template_path` not recognized by `LenvsLatexExporter`.  Did you mean one of: `extra_template_paths, template_name, template_paths`?
[W 2021-12-16 12:05:14.147 ServerApp] Config option `template_path` not recognized by `LenvsLatexExporter`.  Did you mean one of: `extra_template_paths, template_name, template_paths`?
[W 2021-12-16 12:05:14.162 ServerApp] Config option `template_path` not recognized by `LenvsLatexExporter`.  Did you mean one of: `extra_template_paths, template_name, template_paths`?
[W 2021-12-16 12:05:14.843 ServerApp] Config option `template_path` not recognized by `LenvsSlidesExporter`.  Did you mean one of: `extra_template_paths, template_name, template_paths`?
[W 2021-12-16 12:05:14.854 ServerApp] Config option `template_path` not recognized by `LenvsSlidesExporter`.  Did you mean one of: `extra_template_paths, template_name, template_paths`?
[W 2021-12-16 12:05:14.867 ServerApp] Config option `template_path` not recognized by `LenvsSlidesExporter`.  Did you mean one of: `extra_template_paths, template_name, template_paths`?
[W 2021-12-16 12:05:14.876 ServerApp] Config option `template_path` not recognized by `LenvsSlidesExporter`.  Did you mean one of: `extra_template_paths, template_name, template_paths`?
[W 2021-12-16 12:05:15.257 ServerApp] Config option `template_path` not recognized by `ExporterCollapsibleHeadings`.  Did you mean one of: `extra_template_paths, template_name, template_paths`?
[W 2021-12-16 12:05:15.313 ServerApp] Config option `template_path` not recognized by `ExporterCollapsibleHeadings`.  Did you mean one of: `extra_template_paths, template_name, template_paths`?
[W 2021-12-16 12:05:15.434 ServerApp] Config option `template_path` not recognized by `TocExporter`.  Did you mean one of: `extra_template_paths, template_name, template_paths`?
[W 2021-12-16 12:05:15.475 ServerApp] Config option `template_path` not recognized by `LenvsHTMLExporter`.  Did you mean one of: `extra_template_paths, template_name, template_paths`?
[W 2021-12-16 12:05:15.512 ServerApp] Config option `template_path` not recognized by `TocExporter`.  Did you mean one of: `extra_template_paths, template_name, template_paths`?
[W 2021-12-16 12:05:15.522 ServerApp] Config option `template_path` not recognized by `LenvsTocHTMLExporter`.  Did you mean one of: `extra_template_paths, template_name, template_paths`?
[W 2021-12-16 12:05:15.588 ServerApp] Config option `template_path` not recognized by `LenvsHTMLExporter`.  Did you mean one of: `extra_template_paths, template_name, template_paths`?
[W 2021-12-16 12:05:15.623 ServerApp] Config option `template_path` not recognized by `LenvsTocHTMLExporter`.  Did you mean one of: `extra_template_paths, template_name, template_paths`?
[W 2021-12-16 12:05:15.727 ServerApp] Config option `template_path` not recognized by `LenvsLatexExporter`.  Did you mean one of: `extra_template_paths, template_name, template_paths`?
[W 2021-12-16 12:05:15.746 ServerApp] Config option `template_path` not recognized by `LenvsLatexExporter`.  Did you mean one of: `extra_template_paths, template_name, template_paths`?
[I 2021-12-16 12:05:15.910 ServerApp] Kernel started: 98ec9afe-dc4c-44ab-a2e4-e01cb1c2d496
[W 2021-12-16 12:05:16.310 ServerApp] Config option `template_path` not recognized by `LenvsSlidesExporter`.  Did you mean one of: `extra_template_paths, template_name, template_paths`?
[W 2021-12-16 12:05:16.404 ServerApp] Config option `template_path` not recognized by `LenvsSlidesExporter`.  Did you mean one of: `extra_template_paths, template_name, template_paths`?
[I 2021-12-16 12:07:15.086 ServerApp] Saving file at /special_gates.ipynb
[I 2021-12-16 12:09:15.177 ServerApp] Saving file at /special_gates.ipynb
[I 2021-12-16 12:11:15.265 ServerApp] Saving file at /special_gates.ipynb
[I 2021-12-16 12:13:15.362 ServerApp] Saving file at /special_gates.ipynb
[I 2021-12-16 12:15:15.449 ServerApp] Saving file at /special_gates.ipynb
[I 2021-12-16 12:17:15.517 ServerApp] Saving file at /special_gates.ipynb
[I 2021-12-16 12:19:15.583 ServerApp] Saving file at /special_gates.ipynb
[I 2021-12-16 12:21:15.686 ServerApp] Saving file at /special_gates.ipynb
[I 2021-12-16 12:21:56.392 ServerApp] Kernel restarted: 98ec9afe-dc4c-44ab-a2e4-e01cb1c2d496
[I 2021-12-16 12:23:15.846 ServerApp] Saving file at /special_gates.ipynb
[I 2021-12-16 12:25:15.918 ServerApp] Saving file at /special_gates.ipynb
[I 2021-12-16 12:27:15.994 ServerApp] Saving file at /special_gates.ipynb
[I 2021-12-16 12:28:42.000 ServerApp] Kernel interrupted: 98ec9afe-dc4c-44ab-a2e4-e01cb1c2d496
[I 2021-12-16 12:28:51.717 ServerApp] Kernel interrupted: 98ec9afe-dc4c-44ab-a2e4-e01cb1c2d496
[I 2021-12-16 12:29:16.096 ServerApp] Saving file at /special_gates.ipynb
[I 2021-12-16 12:31:16.212 ServerApp] Saving file at /special_gates.ipynb
[I 2021-12-16 12:33:16.292 ServerApp] Saving file at /special_gates.ipynb
[I 2021-12-16 12:35:16.376 ServerApp] Saving file at /special_gates.ipynb
[I 2021-12-16 12:37:16.481 ServerApp] Saving file at /special_gates.ipynb
[I 2021-12-16 12:39:16.572 ServerApp] Saving file at /special_gates.ipynb
[I 2021-12-16 12:41:16.666 ServerApp] Saving file at /special_gates.ipynb
[I 2021-12-16 12:41:18.279 ServerApp] Kernel restarted: 98ec9afe-dc4c-44ab-a2e4-e01cb1c2d496
[I 2021-12-16 12:43:16.761 ServerApp] Saving file at /special_gates.ipynb
[I 2021-12-16 12:45:16.835 ServerApp] Saving file at /special_gates.ipynb
[I 2021-12-16 12:47:16.927 ServerApp] Saving file at /special_gates.ipynb
[I 2021-12-16 12:48:07.831 ServerApp] Saving file at /special_gates.ipynb
[I 2021-12-16 12:54:07.911 ServerApp] Saving file at /special_gates.ipynb
[I 2021-12-16 12:56:07.982 ServerApp] Saving file at /special_gates.ipynb
[I 2021-12-16 12:58:08.054 ServerApp] Saving file at /special_gates.ipynb
[I 2021-12-16 13:00:08.138 ServerApp] Saving file at /special_gates.ipynb
[I 2021-12-16 13:02:08.212 ServerApp] Saving file at /special_gates.ipynb
[I 2021-12-16 13:02:41.677 ServerApp] Saving file at /special_gates.ipynb
[I 2021-12-16 13:26:41.755 ServerApp] Saving file at /special_gates.ipynb
[I 2021-12-16 13:36:41.862 ServerApp] Saving file at /special_gates.ipynb
[I 2021-12-16 13:38:15.803 ServerApp] Saving file at /special_gates.ipynb
[I 2021-12-16 14:01:19.896 ServerApp] Saving file at /special_gates.ipynb
[I 2021-12-16 14:02:03.347 ServerApp] Saving file at /special_gates.ipynb
[I 2021-12-16 14:04:03.446 ServerApp] Saving file at /special_gates.ipynb
[I 2021-12-16 14:06:03.524 ServerApp] Saving file at /special_gates.ipynb
[I 2021-12-16 14:08:03.593 ServerApp] Saving file at /special_gates.ipynb
[I 2021-12-16 14:10:03.682 ServerApp] Saving file at /special_gates.ipynb
[I 2021-12-16 14:10:19.319 ServerApp] Kernel interrupted: 98ec9afe-dc4c-44ab-a2e4-e01cb1c2d496
[I 2021-12-16 14:12:03.750 ServerApp] Saving file at /special_gates.ipynb
[I 2021-12-16 14:14:03.857 ServerApp] Saving file at /special_gates.ipynb
[I 2021-12-16 14:16:03.942 ServerApp] Saving file at /special_gates.ipynb
[I 2021-12-16 14:18:04.032 ServerApp] Saving file at /special_gates.ipynb
[I 2021-12-16 14:19:25.387 ServerApp] Saving file at /special_gates.ipynb
[I 2021-12-16 14:23:25.477 ServerApp] Saving file at /special_gates.ipynb
[I 2021-12-16 14:25:25.571 ServerApp] Saving file at /special_gates.ipynb
[I 2021-12-16 14:31:25.673 ServerApp] Saving file at /special_gates.ipynb
[I 2021-12-16 14:31:59.911 ServerApp] Saving file at /special_gates.ipynb
[I 2021-12-16 14:33:59.997 ServerApp] Saving file at /special_gates.ipynb
[I 2021-12-16 14:36:00.098 ServerApp] Saving file at /special_gates.ipynb
[I 2021-12-16 14:38:00.170 ServerApp] Saving file at /special_gates.ipynb
[I 2021-12-16 14:40:00.463 ServerApp] Saving file at /special_gates.ipynb
[I 2021-12-16 14:42:00.577 ServerApp] Saving file at /special_gates.ipynb
[I 2021-12-16 14:44:00.678 ServerApp] Saving file at /special_gates.ipynb
[I 2021-12-16 14:46:00.759 ServerApp] Saving file at /special_gates.ipynb
[I 2021-12-16 14:48:00.841 ServerApp] Saving file at /special_gates.ipynb
[I 2021-12-16 14:50:00.921 ServerApp] Saving file at /special_gates.ipynb
[I 2021-12-16 14:52:01.014 ServerApp] Saving file at /special_gates.ipynb
[I 2021-12-16 14:56:01.126 ServerApp] Saving file at /special_gates.ipynb
[I 2021-12-16 14:58:01.218 ServerApp] Saving file at /special_gates.ipynb
[I 2021-12-16 15:06:01.342 ServerApp] Saving file at /special_gates.ipynb
[I 2021-12-16 15:06:19.634 ServerApp] Saving file at /special_gates.ipynb
[I 2021-12-16 15:08:19.713 ServerApp] Saving file at /special_gates.ipynb
[I 2021-12-16 15:10:19.798 ServerApp] Saving file at /special_gates.ipynb
[I 2021-12-16 15:14:13.307 ServerApp] Saving file at /special_gates.ipynb
[I 2021-12-16 15:14:15.196 ServerApp] Saving file at /special_gates.ipynb
[I 2021-12-16 15:16:15.308 ServerApp] Saving file at /special_gates.ipynb
[I 2021-12-16 15:16:20.050 ServerApp] Saving file at /special_gates.ipynb
[I 2021-12-16 15:36:20.159 ServerApp] Saving file at /special_gates.ipynb
[I 2021-12-16 17:04:20.257 ServerApp] Saving file at /special_gates.ipynb
[I 2021-12-16 17:30:31.434 ServerApp] Saving file at /special_gates.ipynb
[I 2021-12-16 17:42:31.524 ServerApp] Saving file at /special_gates.ipynb
[I 2021-12-16 20:48:12.790 ServerApp] Creating new notebook in 
[I 2021-12-16 20:50:13.534 ServerApp] Saving file at /Untitled.ipynb
[I 2021-12-16 21:42:05.757 ServerApp] Kernel started: a7c908d4-ebf0-40f9-bf11-384d63c07aec
[I 2021-12-16 21:44:05.415 ServerApp] Saving file at /random_unitaries_and_states.ipynb
[I 2022-01-13 22:36:53.049 ServerApp] jupyterlab | extension was successfully linked.
[I 2022-01-13 22:36:53.262 ServerApp] jupyter_nbextensions_configurator | extension was found and enabled by nbclassic. Consider moving the extension to Jupyter Server's extension paths.
[I 2022-01-13 22:36:53.263 ServerApp] jupyter_nbextensions_configurator | extension was successfully linked.
[I 2022-01-13 22:36:53.272 ServerApp] ipyparallel.nbextension | extension was found and enabled by nbclassic. Consider moving the extension to Jupyter Server's extension paths.
[I 2022-01-13 22:36:53.272 ServerApp] ipyparallel.nbextension | extension was successfully linked.
[I 2022-01-13 22:36:53.272 ServerApp] nbclassic | extension was successfully linked.
[I 2022-01-13 22:36:53.301 ServerApp] nbclassic | extension was successfully loaded.
[I 2022-01-13 22:36:53.302 ServerApp] Loading IPython parallel extension
[I 2022-01-13 22:36:53.302 ServerApp] ipyparallel.nbextension | extension was successfully loaded.
[I 2022-01-13 22:36:53.303 ServerApp] [jupyter_nbextensions_configurator] enabled 0.4.1
[I 2022-01-13 22:36:53.303 ServerApp] jupyter_nbextensions_configurator | extension was successfully loaded.
[I 2022-01-13 22:36:53.304 LabApp] JupyterLab extension loaded from /home/idnm/.local/lib/python3.8/site-packages/jupyterlab
[I 2022-01-13 22:36:53.304 LabApp] JupyterLab application directory is /home/idnm/.local/share/jupyter/lab
[I 2022-01-13 22:36:53.307 ServerApp] jupyterlab | extension was successfully loaded.
[I 2022-01-13 22:36:53.308 ServerApp] Serving notebooks from local directory: /home/idnm/Programming projects/jax_circuits
[I 2022-01-13 22:36:53.308 ServerApp] Jupyter Server 1.8.0 is running at:
[I 2022-01-13 22:36:53.308 ServerApp] http://localhost:8888/lab?token=650043a633cab5355cea0d34bb22b2785cf661d3b473dfc8
[I 2022-01-13 22:36:53.308 ServerApp]     http://127.0.0.1:8888/lab?token=650043a633cab5355cea0d34bb22b2785cf661d3b473dfc8
[I 2022-01-13 22:36:53.308 ServerApp] Use Control-C to stop this server and shut down all kernels (twice to skip confirmation).
[C 2022-01-13 22:36:53.363 ServerApp] 
    
    To access the server, open this file in a browser:
        file:///home/idnm/.local/share/jupyter/runtime/jpserver-383485-open.html
    Or copy and paste one of these URLs:
        http://localhost:8888/lab?token=650043a633cab5355cea0d34bb22b2785cf661d3b473dfc8
        http://127.0.0.1:8888/lab?token=650043a633cab5355cea0d34bb22b2785cf661d3b473dfc8
[W 2022-01-13 22:36:57.841 ServerApp] 404 GET /spellchecker/language_manager?1642102617418 (127.0.0.1) 90.42ms referer=http://localhost:8888/lab
[I 2022-01-13 22:36:57.848 LabApp] Build is up to date
[W 2022-01-13 22:36:58.213 ServerApp] Config option `template_path` not recognized by `ExporterCollapsibleHeadings`.  Did you mean one of: `extra_template_paths, template_name, template_paths`?
[W 2022-01-13 22:36:58.246 ServerApp] Config option `template_path` not recognized by `ExporterCollapsibleHeadings`.  Did you mean one of: `extra_template_paths, template_name, template_paths`?
[W 2022-01-13 22:36:58.252 ServerApp] Config option `template_path` not recognized by `ExporterCollapsibleHeadings`.  Did you mean one of: `extra_template_paths, template_name, template_paths`?
[W 2022-01-13 22:36:58.266 ServerApp] Config option `template_path` not recognized by `ExporterCollapsibleHeadings`.  Did you mean one of: `extra_template_paths, template_name, template_paths`?
[W 2022-01-13 22:36:58.384 ServerApp] Config option `template_path` not recognized by `TocExporter`.  Did you mean one of: `extra_template_paths, template_name, template_paths`?
[W 2022-01-13 22:36:58.397 ServerApp] Config option `template_path` not recognized by `TocExporter`.  Did you mean one of: `extra_template_paths, template_name, template_paths`?
[W 2022-01-13 22:36:58.435 ServerApp] Config option `template_path` not recognized by `TocExporter`.  Did you mean one of: `extra_template_paths, template_name, template_paths`?
[W 2022-01-13 22:36:58.448 ServerApp] Config option `template_path` not recognized by `TocExporter`.  Did you mean one of: `extra_template_paths, template_name, template_paths`?
[W 2022-01-13 22:36:58.464 ServerApp] Config option `template_path` not recognized by `LenvsHTMLExporter`.  Did you mean one of: `extra_template_paths, template_name, template_paths`?
[W 2022-01-13 22:36:58.477 ServerApp] Config option `template_path` not recognized by `LenvsHTMLExporter`.  Did you mean one of: `extra_template_paths, template_name, template_paths`?
[W 2022-01-13 22:36:58.498 ServerApp] Config option `template_path` not recognized by `LenvsHTMLExporter`.  Did you mean one of: `extra_template_paths, template_name, template_paths`?
[W 2022-01-13 22:36:58.518 ServerApp] Config option `template_path` not recognized by `LenvsTocHTMLExporter`.  Did you mean one of: `extra_template_paths, template_name, template_paths`?
[W 2022-01-13 22:36:58.537 ServerApp] Config option `template_path` not recognized by `LenvsHTMLExporter`.  Did you mean one of: `extra_template_paths, template_name, template_paths`?
[W 2022-01-13 22:36:58.563 ServerApp] Config option `template_path` not recognized by `LenvsTocHTMLExporter`.  Did you mean one of: `extra_template_paths, template_name, template_paths`?
[W 2022-01-13 22:36:58.602 ServerApp] Config option `template_path` not recognized by `LenvsTocHTMLExporter`.  Did you mean one of: `extra_template_paths, template_name, template_paths`?
[W 2022-01-13 22:36:58.623 ServerApp] Config option `template_path` not recognized by `LenvsTocHTMLExporter`.  Did you mean one of: `extra_template_paths, template_name, template_paths`?
[W 2022-01-13 22:36:58.688 ServerApp] Config option `template_path` not recognized by `LenvsLatexExporter`.  Did you mean one of: `extra_template_paths, template_name, template_paths`?
[W 2022-01-13 22:36:58.700 ServerApp] Config option `template_path` not recognized by `LenvsLatexExporter`.  Did you mean one of: `extra_template_paths, template_name, template_paths`?
[W 2022-01-13 22:36:58.720 ServerApp] Config option `template_path` not recognized by `LenvsLatexExporter`.  Did you mean one of: `extra_template_paths, template_name, template_paths`?
[W 2022-01-13 22:36:58.746 ServerApp] Config option `template_path` not recognized by `LenvsLatexExporter`.  Did you mean one of: `extra_template_paths, template_name, template_paths`?
[W 2022-01-13 22:36:59.366 ServerApp] Notebook special_gates.ipynb is not trusted
[W 2022-01-13 22:36:59.694 ServerApp] Config option `template_path` not recognized by `LenvsSlidesExporter`.  Did you mean one of: `extra_template_paths, template_name, template_paths`?
[W 2022-01-13 22:36:59.709 ServerApp] Config option `template_path` not recognized by `LenvsSlidesExporter`.  Did you mean one of: `extra_template_paths, template_name, template_paths`?
[W 2022-01-13 22:36:59.775 ServerApp] Config option `template_path` not recognized by `LenvsSlidesExporter`.  Did you mean one of: `extra_template_paths, template_name, template_paths`?
[W 2022-01-13 22:36:59.798 ServerApp] Config option `template_path` not recognized by `LenvsSlidesExporter`.  Did you mean one of: `extra_template_paths, template_name, template_paths`?
[W 2022-01-13 22:37:00.009 ServerApp] Config option `template_path` not recognized by `ExporterCollapsibleHeadings`.  Did you mean one of: `extra_template_paths, template_name, template_paths`?
[W 2022-01-13 22:37:00.093 ServerApp] Config option `template_path` not recognized by `ExporterCollapsibleHeadings`.  Did you mean one of: `extra_template_paths, template_name, template_paths`?
[W 2022-01-13 22:37:00.104 ServerApp] Config option `template_path` not recognized by `TocExporter`.  Did you mean one of: `extra_template_paths, template_name, template_paths`?
[W 2022-01-13 22:37:00.132 ServerApp] Config option `template_path` not recognized by `LenvsHTMLExporter`.  Did you mean one of: `extra_template_paths, template_name, template_paths`?
[W 2022-01-13 22:37:00.166 ServerApp] Config option `template_path` not recognized by `LenvsTocHTMLExporter`.  Did you mean one of: `extra_template_paths, template_name, template_paths`?
[W 2022-01-13 22:37:00.190 ServerApp] Config option `template_path` not recognized by `TocExporter`.  Did you mean one of: `extra_template_paths, template_name, template_paths`?
[W 2022-01-13 22:37:00.227 ServerApp] Config option `template_path` not recognized by `LenvsHTMLExporter`.  Did you mean one of: `extra_template_paths, template_name, template_paths`?
[W 2022-01-13 22:37:00.242 ServerApp] Config option `template_path` not recognized by `LenvsLatexExporter`.  Did you mean one of: `extra_template_paths, template_name, template_paths`?
[W 2022-01-13 22:37:00.277 ServerApp] Config option `template_path` not recognized by `LenvsTocHTMLExporter`.  Did you mean one of: `extra_template_paths, template_name, template_paths`?
[W 2022-01-13 22:37:00.383 ServerApp] Config option `template_path` not recognized by `LenvsLatexExporter`.  Did you mean one of: `extra_template_paths, template_name, template_paths`?
[W 2022-01-13 22:37:00.614 ServerApp] Config option `template_path` not recognized by `LenvsSlidesExporter`.  Did you mean one of: `extra_template_paths, template_name, template_paths`?
[W 2022-01-13 22:37:00.715 ServerApp] Config option `template_path` not recognized by `LenvsSlidesExporter`.  Did you mean one of: `extra_template_paths, template_name, template_paths`?
[I 2022-01-13 22:37:01.203 ServerApp] Kernel started: 342499f5-58aa-49cf-b037-ec31c2626193
[I 2022-01-13 22:37:01.228 ServerApp] Kernel started: eeea95e0-fa84-48fc-b1d6-8da05c1deabb
[I 2022-01-13 22:37:01.258 ServerApp] Kernel started: acebc131-ac7e-4f05-95ed-1529d1885697
[I 2022-01-13 22:37:01.270 ServerApp] Kernel started: db93b183-9bb6-4822-94c7-e4509a66c73a
[I 2022-01-13 22:39:00.598 ServerApp] Saving file at /poisson_optimization.ipynb
[I 2022-01-13 22:41:00.669 ServerApp] Saving file at /poisson_optimization.ipynb
[I 2022-01-13 22:43:00.737 ServerApp] Saving file at /poisson_optimization.ipynb
[I 2022-01-13 22:45:00.822 ServerApp] Saving file at /poisson_optimization.ipynb
[I 2022-01-13 22:47:00.901 ServerApp] Saving file at /poisson_optimization.ipynb
[I 2022-01-13 22:49:00.998 ServerApp] Saving file at /poisson_optimization.ipynb
[I 2022-01-13 22:51:01.098 ServerApp] Saving file at /poisson_optimization.ipynb
[I 2022-01-13 22:53:01.177 ServerApp] Saving file at /poisson_optimization.ipynb
[I 2022-01-13 22:55:01.254 ServerApp] Saving file at /poisson_optimization.ipynb
[I 2022-01-13 22:57:01.321 ServerApp] Saving file at /poisson_optimization.ipynb
[I 2022-01-13 22:59:01.413 ServerApp] Saving file at /poisson_optimization.ipynb
[I 2022-01-13 23:01:01.483 ServerApp] Saving file at /poisson_optimization.ipynb
[I 2022-01-13 23:03:01.547 ServerApp] Saving file at /poisson_optimization.ipynb
[I 2022-01-13 23:05:01.635 ServerApp] Saving file at /poisson_optimization.ipynb
[I 2022-01-13 23:07:01.705 ServerApp] Saving file at /poisson_optimization.ipynb
[I 2022-01-13 23:09:01.802 ServerApp] Saving file at /poisson_optimization.ipynb
[I 2022-01-13 23:11:01.869 ServerApp] Saving file at /poisson_optimization.ipynb
[I 2022-01-13 23:13:01.947 ServerApp] Saving file at /poisson_optimization.ipynb
[I 2022-01-13 23:15:02.050 ServerApp] Saving file at /poisson_optimization.ipynb
[I 2022-01-13 23:17:02.128 ServerApp] Saving file at /poisson_optimization.ipynb
[I 2022-01-13 23:19:02.210 ServerApp] Saving file at /poisson_optimization.ipynb
[I 2022-01-13 23:20:31.479 ServerApp] Saving file at /poisson_optimization.ipynb
[I 2022-01-13 23:20:32.270 ServerApp] Saving file at /poisson_optimization.ipynb
[I 2022-01-14 08:48:06.557 ServerApp] Starting buffering for db93b183-9bb6-4822-94c7-e4509a66c73a:996bbbfe-7571-4c02-9d4b-3e77b5a0e3c5
[I 2022-01-14 08:48:06.558 ServerApp] Starting buffering for acebc131-ac7e-4f05-95ed-1529d1885697:9cbaae64-de8f-43f7-8b81-a5229d2ef8eb
[I 2022-01-14 08:48:06.559 ServerApp] Starting buffering for eeea95e0-fa84-48fc-b1d6-8da05c1deabb:d5551d6f-e401-40b3-9093-3956bc2618d6
[I 2022-01-14 08:48:06.559 ServerApp] Starting buffering for 342499f5-58aa-49cf-b037-ec31c2626193:71ae7767-15c2-44ea-be8a-cceb2e88ceed
[I 2022-01-15 12:53:39.709 ServerApp] jupyterlab | extension was successfully linked.
[I 2022-01-15 12:53:39.941 ServerApp] jupyter_nbextensions_configurator | extension was found and enabled by nbclassic. Consider moving the extension to Jupyter Server's extension paths.
[I 2022-01-15 12:53:39.941 ServerApp] jupyter_nbextensions_configurator | extension was successfully linked.
[I 2022-01-15 12:53:39.951 ServerApp] ipyparallel.nbextension | extension was found and enabled by nbclassic. Consider moving the extension to Jupyter Server's extension paths.
[I 2022-01-15 12:53:39.951 ServerApp] ipyparallel.nbextension | extension was successfully linked.
[I 2022-01-15 12:53:39.951 ServerApp] nbclassic | extension was successfully linked.
[I 2022-01-15 12:53:39.982 ServerApp] nbclassic | extension was successfully loaded.
[I 2022-01-15 12:53:39.982 ServerApp] Loading IPython parallel extension
[I 2022-01-15 12:53:39.983 ServerApp] ipyparallel.nbextension | extension was successfully loaded.
[I 2022-01-15 12:53:39.984 ServerApp] [jupyter_nbextensions_configurator] enabled 0.4.1
[I 2022-01-15 12:53:39.984 ServerApp] jupyter_nbextensions_configurator | extension was successfully loaded.
[I 2022-01-15 12:53:39.985 LabApp] JupyterLab extension loaded from /home/idnm/.local/lib/python3.8/site-packages/jupyterlab
[I 2022-01-15 12:53:39.985 LabApp] JupyterLab application directory is /home/idnm/.local/share/jupyter/lab
[I 2022-01-15 12:53:39.988 ServerApp] jupyterlab | extension was successfully loaded.
[I 2022-01-15 12:53:39.988 ServerApp] The port 8888 is already in use, trying another port.
[I 2022-01-15 12:53:39.989 ServerApp] Serving notebooks from local directory: /home/idnm/Programming projects/jax_circuits
[I 2022-01-15 12:53:39.989 ServerApp] Jupyter Server 1.8.0 is running at:
[I 2022-01-15 12:53:39.989 ServerApp] http://localhost:8889/lab?token=a861693d0bcff4ba8f5381e507c585ecae645c4fa5f0a53f
[I 2022-01-15 12:53:39.989 ServerApp]     http://127.0.0.1:8889/lab?token=a861693d0bcff4ba8f5381e507c585ecae645c4fa5f0a53f
[I 2022-01-15 12:53:39.989 ServerApp] Use Control-C to stop this server and shut down all kernels (twice to skip confirmation).
[C 2022-01-15 12:53:40.047 ServerApp] 
    
    To access the server, open this file in a browser:
        file:///home/idnm/.local/share/jupyter/runtime/jpserver-655575-open.html
    Or copy and paste one of these URLs:
        http://localhost:8889/lab?token=a861693d0bcff4ba8f5381e507c585ecae645c4fa5f0a53f
        http://127.0.0.1:8889/lab?token=a861693d0bcff4ba8f5381e507c585ecae645c4fa5f0a53f
[W 2022-01-15 12:53:44.681 ServerApp] 404 GET /spellchecker/language_manager?1642240424200 (127.0.0.1) 113.96ms referer=http://localhost:8889/lab
[I 2022-01-15 12:53:44.686 LabApp] Build is up to date
[W 2022-01-15 12:53:45.099 ServerApp] Config option `template_path` not recognized by `ExporterCollapsibleHeadings`.  Did you mean one of: `extra_template_paths, template_name, template_paths`?
[W 2022-01-15 12:53:45.116 ServerApp] Config option `template_path` not recognized by `ExporterCollapsibleHeadings`.  Did you mean one of: `extra_template_paths, template_name, template_paths`?
[W 2022-01-15 12:53:45.138 ServerApp] Config option `template_path` not recognized by `ExporterCollapsibleHeadings`.  Did you mean one of: `extra_template_paths, template_name, template_paths`?
[W 2022-01-15 12:53:45.150 ServerApp] Config option `template_path` not recognized by `ExporterCollapsibleHeadings`.  Did you mean one of: `extra_template_paths, template_name, template_paths`?
[W 2022-01-15 12:53:45.288 ServerApp] Config option `template_path` not recognized by `TocExporter`.  Did you mean one of: `extra_template_paths, template_name, template_paths`?
[W 2022-01-15 12:53:45.299 ServerApp] Config option `template_path` not recognized by `TocExporter`.  Did you mean one of: `extra_template_paths, template_name, template_paths`?
[W 2022-01-15 12:53:45.329 ServerApp] Config option `template_path` not recognized by `TocExporter`.  Did you mean one of: `extra_template_paths, template_name, template_paths`?
[W 2022-01-15 12:53:45.336 ServerApp] Config option `template_path` not recognized by `TocExporter`.  Did you mean one of: `extra_template_paths, template_name, template_paths`?
[W 2022-01-15 12:53:45.355 ServerApp] Config option `template_path` not recognized by `LenvsHTMLExporter`.  Did you mean one of: `extra_template_paths, template_name, template_paths`?
[W 2022-01-15 12:53:45.378 ServerApp] Config option `template_path` not recognized by `LenvsHTMLExporter`.  Did you mean one of: `extra_template_paths, template_name, template_paths`?
[W 2022-01-15 12:53:45.395 ServerApp] Config option `template_path` not recognized by `LenvsHTMLExporter`.  Did you mean one of: `extra_template_paths, template_name, template_paths`?
[W 2022-01-15 12:53:45.424 ServerApp] Config option `template_path` not recognized by `LenvsTocHTMLExporter`.  Did you mean one of: `extra_template_paths, template_name, template_paths`?
[W 2022-01-15 12:53:45.444 ServerApp] Config option `template_path` not recognized by `LenvsHTMLExporter`.  Did you mean one of: `extra_template_paths, template_name, template_paths`?
[W 2022-01-15 12:53:45.461 ServerApp] Config option `template_path` not recognized by `LenvsTocHTMLExporter`.  Did you mean one of: `extra_template_paths, template_name, template_paths`?
[W 2022-01-15 12:53:45.484 ServerApp] Config option `template_path` not recognized by `LenvsTocHTMLExporter`.  Did you mean one of: `extra_template_paths, template_name, template_paths`?
[W 2022-01-15 12:53:45.507 ServerApp] Config option `template_path` not recognized by `LenvsTocHTMLExporter`.  Did you mean one of: `extra_template_paths, template_name, template_paths`?
[W 2022-01-15 12:53:45.591 ServerApp] Config option `template_path` not recognized by `LenvsLatexExporter`.  Did you mean one of: `extra_template_paths, template_name, template_paths`?
[W 2022-01-15 12:53:45.609 ServerApp] Config option `template_path` not recognized by `LenvsLatexExporter`.  Did you mean one of: `extra_template_paths, template_name, template_paths`?
[W 2022-01-15 12:53:45.624 ServerApp] Config option `template_path` not recognized by `LenvsLatexExporter`.  Did you mean one of: `extra_template_paths, template_name, template_paths`?
[W 2022-01-15 12:53:45.647 ServerApp] Config option `template_path` not recognized by `LenvsLatexExporter`.  Did you mean one of: `extra_template_paths, template_name, template_paths`?
[W 2022-01-15 12:53:46.312 ServerApp] Notebook special_gates.ipynb is not trusted
[W 2022-01-15 12:53:46.688 ServerApp] Config option `template_path` not recognized by `LenvsSlidesExporter`.  Did you mean one of: `extra_template_paths, template_name, template_paths`?
[W 2022-01-15 12:53:46.703 ServerApp] Config option `template_path` not recognized by `LenvsSlidesExporter`.  Did you mean one of: `extra_template_paths, template_name, template_paths`?
[W 2022-01-15 12:53:46.727 ServerApp] Config option `template_path` not recognized by `LenvsSlidesExporter`.  Did you mean one of: `extra_template_paths, template_name, template_paths`?
[W 2022-01-15 12:53:46.739 ServerApp] Config option `template_path` not recognized by `LenvsSlidesExporter`.  Did you mean one of: `extra_template_paths, template_name, template_paths`?
[W 2022-01-15 12:53:46.980 ServerApp] Config option `template_path` not recognized by `ExporterCollapsibleHeadings`.  Did you mean one of: `extra_template_paths, template_name, template_paths`?
[W 2022-01-15 12:53:47.066 ServerApp] Config option `template_path` not recognized by `ExporterCollapsibleHeadings`.  Did you mean one of: `extra_template_paths, template_name, template_paths`?
[W 2022-01-15 12:53:47.136 ServerApp] Config option `template_path` not recognized by `TocExporter`.  Did you mean one of: `extra_template_paths, template_name, template_paths`?
[W 2022-01-15 12:53:47.156 ServerApp] Config option `template_path` not recognized by `LenvsHTMLExporter`.  Did you mean one of: `extra_template_paths, template_name, template_paths`?
[W 2022-01-15 12:53:47.169 ServerApp] Config option `template_path` not recognized by `TocExporter`.  Did you mean one of: `extra_template_paths, template_name, template_paths`?
[W 2022-01-15 12:53:47.204 ServerApp] Config option `template_path` not recognized by `LenvsHTMLExporter`.  Did you mean one of: `extra_template_paths, template_name, template_paths`?
[W 2022-01-15 12:53:47.205 ServerApp] Config option `template_path` not recognized by `LenvsTocHTMLExporter`.  Did you mean one of: `extra_template_paths, template_name, template_paths`?
[W 2022-01-15 12:53:47.242 ServerApp] Config option `template_path` not recognized by `LenvsTocHTMLExporter`.  Did you mean one of: `extra_template_paths, template_name, template_paths`?
[W 2022-01-15 12:53:47.293 ServerApp] Config option `template_path` not recognized by `LenvsLatexExporter`.  Did you mean one of: `extra_template_paths, template_name, template_paths`?
[W 2022-01-15 12:53:47.354 ServerApp] Config option `template_path` not recognized by `LenvsLatexExporter`.  Did you mean one of: `extra_template_paths, template_name, template_paths`?
[W 2022-01-15 12:53:47.709 ServerApp] Config option `template_path` not recognized by `LenvsSlidesExporter`.  Did you mean one of: `extra_template_paths, template_name, template_paths`?
[W 2022-01-15 12:53:47.725 ServerApp] Config option `template_path` not recognized by `LenvsSlidesExporter`.  Did you mean one of: `extra_template_paths, template_name, template_paths`?
[I 2022-01-15 12:53:48.504 ServerApp] Kernel started: bb06853c-e5b3-411f-b5b8-2584cda9e622
[I 2022-01-15 12:53:48.588 ServerApp] Kernel started: 2c044c2c-8835-42dc-82c6-eadc7efab7f1
[I 2022-01-15 12:53:48.594 ServerApp] Kernel started: d42f4860-0e9f-4962-a299-f46f4e3b424c
[I 2022-01-15 12:53:48.601 ServerApp] Kernel started: 835ad420-bb27-4d31-85b7-71febb7ccf7b
[I 2022-01-15 12:55:48.079 ServerApp] Saving file at /poisson_optimization.ipynb
[I 2022-01-15 12:57:48.185 ServerApp] Saving file at /poisson_optimization.ipynb
[I 2022-01-15 12:59:48.286 ServerApp] Saving file at /poisson_optimization.ipynb
[I 2022-01-15 13:01:49.081 ServerApp] Saving file at /poisson_optimization.ipynb
[I 2022-01-15 13:03:49.204 ServerApp] Saving file at /poisson_optimization.ipynb
[I 2022-01-15 13:05:49.303 ServerApp] Saving file at /poisson_optimization.ipynb
[I 2022-01-15 13:07:49.405 ServerApp] Saving file at /poisson_optimization.ipynb
[I 2022-01-15 13:09:49.507 ServerApp] Saving file at /poisson_optimization.ipynb
[I 2022-01-15 13:11:49.607 ServerApp] Saving file at /poisson_optimization.ipynb
[I 2022-01-15 13:13:49.711 ServerApp] Saving file at /poisson_optimization.ipynb
[I 2022-01-15 13:15:49.797 ServerApp] Saving file at /poisson_optimization.ipynb
[I 2022-01-15 13:17:49.897 ServerApp] Saving file at /poisson_optimization.ipynb
[I 2022-01-15 13:19:49.992 ServerApp] Saving file at /poisson_optimization.ipynb
[I 2022-01-15 13:21:50.092 ServerApp] Saving file at /poisson_optimization.ipynb
[I 2022-01-15 13:23:50.201 ServerApp] Saving file at /poisson_optimization.ipynb
[I 2022-01-15 13:25:50.328 ServerApp] Saving file at /poisson_optimization.ipynb
[I 2022-01-15 13:27:50.430 ServerApp] Saving file at /poisson_optimization.ipynb
[I 2022-01-15 13:29:10.225 ServerApp] Kernel interrupted: 835ad420-bb27-4d31-85b7-71febb7ccf7b
[I 2022-01-15 13:29:50.518 ServerApp] Saving file at /poisson_optimization.ipynb
[I 2022-01-15 13:31:50.613 ServerApp] Saving file at /poisson_optimization.ipynb
[I 2022-01-15 13:32:27.639 ServerApp] Kernel interrupted: 835ad420-bb27-4d31-85b7-71febb7ccf7b
[I 2022-01-15 13:33:50.714 ServerApp] Saving file at /poisson_optimization.ipynb
[I 2022-01-15 13:39:51.097 ServerApp] Saving file at /poisson_optimization.ipynb
[I 2022-01-15 13:41:51.210 ServerApp] Saving file at /poisson_optimization.ipynb
[I 2022-01-15 13:43:51.319 ServerApp] Saving file at /poisson_optimization.ipynb
[I 2022-01-15 13:45:51.407 ServerApp] Saving file at /poisson_optimization.ipynb
[I 2022-01-15 13:47:51.511 ServerApp] Saving file at /poisson_optimization.ipynb
[I 2022-01-15 13:49:51.578 ServerApp] Saving file at /poisson_optimization.ipynb
[I 2022-01-15 13:49:52.369 ServerApp] Kernel interrupted: 835ad420-bb27-4d31-85b7-71febb7ccf7b
[I 2022-01-15 13:49:54.271 ServerApp] Kernel interrupted: 835ad420-bb27-4d31-85b7-71febb7ccf7b
[I 2022-01-15 13:50:29.906 ServerApp] Kernel interrupted: 835ad420-bb27-4d31-85b7-71febb7ccf7b
[I 2022-01-15 13:51:18.409 ServerApp] Kernel restarted: 835ad420-bb27-4d31-85b7-71febb7ccf7b
[I 2022-01-15 13:51:51.877 ServerApp] Saving file at /poisson_optimization.ipynb
[I 2022-01-15 13:53:51.981 ServerApp] Saving file at /poisson_optimization.ipynb
[I 2022-01-15 13:55:23.056 ServerApp] Starting buffering for bb06853c-e5b3-411f-b5b8-2584cda9e622:9351a5ea-a8fe-48c1-8bca-d83edb2bb7a9
[I 2022-01-15 13:55:52.085 ServerApp] Saving file at /poisson_optimization.ipynb
[I 2022-01-15 13:57:52.158 ServerApp] Saving file at /poisson_optimization.ipynb
[I 2022-01-15 13:59:53.109 ServerApp] Saving file at /poisson_optimization.ipynb
[I 2022-01-15 14:01:53.189 ServerApp] Saving file at /poisson_optimization.ipynb
[I 2022-01-15 14:03:53.287 ServerApp] Saving file at /poisson_optimization.ipynb
[I 2022-01-15 14:05:53.382 ServerApp] Saving file at /poisson_optimization.ipynb
[I 2022-01-15 14:07:53.486 ServerApp] Saving file at /poisson_optimization.ipynb
[I 2022-01-15 14:09:53.591 ServerApp] Saving file at /poisson_optimization.ipynb
[I 2022-01-15 14:11:53.687 ServerApp] Saving file at /poisson_optimization.ipynb
[I 2022-01-15 14:13:53.775 ServerApp] Saving file at /poisson_optimization.ipynb
[I 2022-01-15 14:15:53.886 ServerApp] Saving file at /poisson_optimization.ipynb
[I 2022-01-15 14:17:54.014 ServerApp] Saving file at /poisson_optimization.ipynb
[I 2022-01-15 14:19:54.114 ServerApp] Saving file at /poisson_optimization.ipynb
[I 2022-01-15 14:21:54.212 ServerApp] Saving file at /poisson_optimization.ipynb
[I 2022-01-15 14:23:54.307 ServerApp] Saving file at /poisson_optimization.ipynb
[I 2022-01-15 14:25:54.418 ServerApp] Saving file at /poisson_optimization.ipynb
[I 2022-01-15 14:27:54.519 ServerApp] Saving file at /poisson_optimization.ipynb
[I 2022-01-15 14:29:55.108 ServerApp] Saving file at /poisson_optimization.ipynb
[I 2022-01-15 14:31:55.201 ServerApp] Saving file at /poisson_optimization.ipynb
[I 2022-01-15 14:33:56.107 ServerApp] Saving file at /poisson_optimization.ipynb
[I 2022-01-15 18:35:56.551 ServerApp] Starting buffering for 835ad420-bb27-4d31-85b7-71febb7ccf7b:50bd9ca3-26f3-4d09-bd99-147acdde0121
[I 2022-01-15 18:35:56.551 ServerApp] Starting buffering for 2c044c2c-8835-42dc-82c6-eadc7efab7f1:cec65d98-1f25-4743-841b-ea28e7658b14
[I 2022-01-15 18:35:56.552 ServerApp] Starting buffering for d42f4860-0e9f-4962-a299-f46f4e3b424c:10f539cf-e4ff-4d19-99cc-1c6f770a023d
